<?xml version="1.0" encoding="UTF-8" ?>
<testsuite tests="5" failures="0" name="MyTests.MyTest" time="0.203" errors="0" skipped="0">
  <properties>
[...]
</properties>
  <testcase classname="MyTests.MyTest" name="checkZeroDiv" time="0"/>
  <testcase classname="MyTests.MyTest" name="checkMult" time="0"/>
  <testcase classname="MyTests.MyTest" name="checkAdd" time="0"/>
  <testcase classname="MyTests.MyTest" name="checkDiv" time="0"/>
  <testcase classname="MyTests.MyTest" name="checkSub" time="0"/>
</testsuite>